2015/02/28 09:55:55 [error] [system.db.CDbCommand] CDbCommand::fetchAll() failed: SQLSTATE[42S02]: Base table or view not found: 1146 Table 'simplelearn.tbl_post' doesn't exist. The SQL statement executed was: SHOW FULL COLUMNS FROM `tbl_post`.
2015/02/28 09:55:55 [error] [exception.CDbException] exception 'CDbException' with message 'The table "{{post}}" for active record class "Post" cannot be found in the database.' in C:\xampp\htdocs\simplelearn\simplihackmaverick\framework\db\ar\CActiveRecord.php:2385
Stack trace:
#0 C:\xampp\htdocs\simplelearn\simplihackmaverick\framework\db\ar\CActiveRecord.php(411): CActiveRecordMetaData->__construct(Object(Post))
#1 C:\xampp\htdocs\simplelearn\simplihackmaverick\framework\db\ar\CActiveRecord.php(661): CActiveRecord->getMetaData()
#2 C:\xampp\htdocs\simplelearn\simplihackmaverick\framework\db\ar\CActiveFinder.php(392): CActiveRecord->getTableSchema()
#3 C:\xampp\htdocs\simplelearn\simplihackmaverick\framework\db\ar\CActiveFinder.php(47): CJoinElement->__construct(Object(CActiveFinder), Object(Post))
#4 C:\xampp\htdocs\simplelearn\simplihackmaverick\framework\db\ar\CActiveRecord.php(912): CActiveFinder->__construct(Object(Post), 'commentCount')
#5 C:\xampp\htdocs\simplelearn\simplihackmaverick\framework\db\ar\CActiveRecord.php(1609): CActiveRecord->getActiveFinder('commentCount')
#6 C:\xampp\htdocs\simplelearn\simplihackmaverick\framework\web\CActiveDataProvider.php(228): CActiveRecord->count(Object(CDbCriteria))
#7 C:\xampp\htdocs\simplelearn\simplihackmaverick\framework\web\CDataProvider.php(224): CActiveDataProvider->calculateTotalItemCount()
#8 C:\xampp\htdocs\simplelearn\simplihackmaverick\framework\web\CActiveDataProvider.php(178): CDataProvider->getTotalItemCount()
#9 C:\xampp\htdocs\simplelearn\simplihackmaverick\framework\web\CDataProvider.php(168): CActiveDataProvider->fetchData()
#10 C:\xampp\htdocs\simplelearn\simplihackmaverick\framework\zii\widgets\CBaseListView.php(125): CDataProvider->getData()
#11 C:\xampp\htdocs\simplelearn\simplihackmaverick\framework\zii\widgets\CListView.php(211): CBaseListView->init()
#12 C:\xampp\htdocs\simplelearn\simplihackmaverick\framework\web\CBaseController.php(147): CListView->init()
#13 C:\xampp\htdocs\simplelearn\simplihackmaverick\framework\web\CBaseController.php(180): CBaseController->createWidget('zii.widgets.CLi...', Array)
#14 C:\xampp\htdocs\simplelearn\simplihackmaverick\blog\protected\views\post\index.php(9): CBaseController->widget('zii.widgets.CLi...', Array)
#15 C:\xampp\htdocs\simplelearn\simplihackmaverick\framework\web\CBaseController.php(126): require('C:\xampp\htdocs...')
#16 C:\xampp\htdocs\simplelearn\simplihackmaverick\framework\web\CBaseController.php(95): CBaseController->renderInternal('C:\xampp\htdocs...', Array, true)
#17 C:\xampp\htdocs\simplelearn\simplihackmaverick\framework\web\CController.php(869): CBaseController->renderFile('C:\xampp\htdocs...', Array, true)
#18 C:\xampp\htdocs\simplelearn\simplihackmaverick\framework\web\CController.php(782): CController->renderPartial('index', Array, true)
#19 C:\xampp\htdocs\simplelearn\simplihackmaverick\blog\protected\controllers\PostController.php(136): CController->render('index', Array)
#20 C:\xampp\htdocs\simplelearn\simplihackmaverick\framework\web\actions\CInlineAction.php(49): PostController->actionIndex()
#21 C:\xampp\htdocs\simplelearn\simplihackmaverick\framework\web\CController.php(308): CInlineAction->runWithParams(Array)
#22 C:\xampp\htdocs\simplelearn\simplihackmaverick\framework\web\filters\CFilterChain.php(133): CController->runAction(Object(CInlineAction))
#23 C:\xampp\htdocs\simplelearn\simplihackmaverick\framework\web\filters\CFilter.php(40): CFilterChain->run()
#24 C:\xampp\htdocs\simplelearn\simplihackmaverick\framework\web\CController.php(1145): CFilter->filter(Object(CFilterChain))
#25 C:\xampp\htdocs\simplelearn\simplihackmaverick\framework\web\filters\CInlineFilter.php(58): CController->filterAccessControl(Object(CFilterChain))
#26 C:\xampp\htdocs\simplelearn\simplihackmaverick\framework\web\filters\CFilterChain.php(130): CInlineFilter->filter(Object(CFilterChain))
#27 C:\xampp\htdocs\simplelearn\simplihackmaverick\framework\web\CController.php(291): CFilterChain->run()
#28 C:\xampp\htdocs\simplelearn\simplihackmaverick\framework\web\CController.php(265): CController->runActionWithFilters(Object(CInlineAction), Array)
#29 C:\xampp\htdocs\simplelearn\simplihackmaverick\framework\web\CWebApplication.php(282): CController->run('')
#30 C:\xampp\htdocs\simplelearn\simplihackmaverick\framework\web\CWebApplication.php(141): CWebApplication->runController('')
#31 C:\xampp\htdocs\simplelearn\simplihackmaverick\framework\base\CApplication.php(184): CWebApplication->processRequest()
#32 C:\xampp\htdocs\simplelearn\simplihackmaverick\blog\index.php(12): CApplication->run()
#33 {main}
REQUEST_URI=/simplelearn/simplihackmaverick/blog/
---
2015/02/28 09:56:01 [error] [system.db.CDbCommand] CDbCommand::fetchAll() failed: SQLSTATE[42S02]: Base table or view not found: 1146 Table 'simplelearn.tbl_post' doesn't exist. The SQL statement executed was: SHOW FULL COLUMNS FROM `tbl_post`.
2015/02/28 09:56:01 [error] [exception.CDbException] exception 'CDbException' with message 'The table "{{post}}" for active record class "Post" cannot be found in the database.' in C:\xampp\htdocs\simplelearn\simplihackmaverick\framework\db\ar\CActiveRecord.php:2385
Stack trace:
#0 C:\xampp\htdocs\simplelearn\simplihackmaverick\framework\db\ar\CActiveRecord.php(411): CActiveRecordMetaData->__construct(Object(Post))
#1 C:\xampp\htdocs\simplelearn\simplihackmaverick\framework\db\ar\CActiveRecord.php(661): CActiveRecord->getMetaData()
#2 C:\xampp\htdocs\simplelearn\simplihackmaverick\framework\db\ar\CActiveFinder.php(392): CActiveRecord->getTableSchema()
#3 C:\xampp\htdocs\simplelearn\simplihackmaverick\framework\db\ar\CActiveFinder.php(47): CJoinElement->__construct(Object(CActiveFinder), Object(Post))
#4 C:\xampp\htdocs\simplelearn\simplihackmaverick\framework\db\ar\CActiveRecord.php(912): CActiveFinder->__construct(Object(Post), 'commentCount')
#5 C:\xampp\htdocs\simplelearn\simplihackmaverick\framework\db\ar\CActiveRecord.php(1609): CActiveRecord->getActiveFinder('commentCount')
#6 C:\xampp\htdocs\simplelearn\simplihackmaverick\framework\web\CActiveDataProvider.php(228): CActiveRecord->count(Object(CDbCriteria))
#7 C:\xampp\htdocs\simplelearn\simplihackmaverick\framework\web\CDataProvider.php(224): CActiveDataProvider->calculateTotalItemCount()
#8 C:\xampp\htdocs\simplelearn\simplihackmaverick\framework\web\CActiveDataProvider.php(178): CDataProvider->getTotalItemCount()
#9 C:\xampp\htdocs\simplelearn\simplihackmaverick\framework\web\CDataProvider.php(168): CActiveDataProvider->fetchData()
#10 C:\xampp\htdocs\simplelearn\simplihackmaverick\framework\zii\widgets\CBaseListView.php(125): CDataProvider->getData()
#11 C:\xampp\htdocs\simplelearn\simplihackmaverick\framework\zii\widgets\CListView.php(211): CBaseListView->init()
#12 C:\xampp\htdocs\simplelearn\simplihackmaverick\framework\web\CBaseController.php(147): CListView->init()
#13 C:\xampp\htdocs\simplelearn\simplihackmaverick\framework\web\CBaseController.php(180): CBaseController->createWidget('zii.widgets.CLi...', Array)
#14 C:\xampp\htdocs\simplelearn\simplihackmaverick\blog\protected\views\post\index.php(9): CBaseController->widget('zii.widgets.CLi...', Array)
#15 C:\xampp\htdocs\simplelearn\simplihackmaverick\framework\web\CBaseController.php(126): require('C:\xampp\htdocs...')
#16 C:\xampp\htdocs\simplelearn\simplihackmaverick\framework\web\CBaseController.php(95): CBaseController->renderInternal('C:\xampp\htdocs...', Array, true)
#17 C:\xampp\htdocs\simplelearn\simplihackmaverick\framework\web\CController.php(869): CBaseController->renderFile('C:\xampp\htdocs...', Array, true)
#18 C:\xampp\htdocs\simplelearn\simplihackmaverick\framework\web\CController.php(782): CController->renderPartial('index', Array, true)
#19 C:\xampp\htdocs\simplelearn\simplihackmaverick\blog\protected\controllers\PostController.php(136): CController->render('index', Array)
#20 C:\xampp\htdocs\simplelearn\simplihackmaverick\framework\web\actions\CInlineAction.php(49): PostController->actionIndex()
#21 C:\xampp\htdocs\simplelearn\simplihackmaverick\framework\web\CController.php(308): CInlineAction->runWithParams(Array)
#22 C:\xampp\htdocs\simplelearn\simplihackmaverick\framework\web\filters\CFilterChain.php(133): CController->runAction(Object(CInlineAction))
#23 C:\xampp\htdocs\simplelearn\simplihackmaverick\framework\web\filters\CFilter.php(40): CFilterChain->run()
#24 C:\xampp\htdocs\simplelearn\simplihackmaverick\framework\web\CController.php(1145): CFilter->filter(Object(CFilterChain))
#25 C:\xampp\htdocs\simplelearn\simplihackmaverick\framework\web\filters\CInlineFilter.php(58): CController->filterAccessControl(Object(CFilterChain))
#26 C:\xampp\htdocs\simplelearn\simplihackmaverick\framework\web\filters\CFilterChain.php(130): CInlineFilter->filter(Object(CFilterChain))
#27 C:\xampp\htdocs\simplelearn\simplihackmaverick\framework\web\CController.php(291): CFilterChain->run()
#28 C:\xampp\htdocs\simplelearn\simplihackmaverick\framework\web\CController.php(265): CController->runActionWithFilters(Object(CInlineAction), Array)
#29 C:\xampp\htdocs\simplelearn\simplihackmaverick\framework\web\CWebApplication.php(282): CController->run('index')
#30 C:\xampp\htdocs\simplelearn\simplihackmaverick\framework\web\CWebApplication.php(141): CWebApplication->runController('post/index')
#31 C:\xampp\htdocs\simplelearn\simplihackmaverick\framework\base\CApplication.php(184): CWebApplication->processRequest()
#32 C:\xampp\htdocs\simplelearn\simplihackmaverick\blog\index.php(12): CApplication->run()
#33 {main}
REQUEST_URI=/simplelearn/simplihackmaverick/blog/index.php/post/index
HTTP_REFERER=http://localhost:81/simplelearn/simplihackmaverick/blog/
---
2015/02/28 09:56:04 [error] [exception.CDbException] SQLSTATE[HY000] [1045] Access denied for user 'root'@'localhost' (using password: YES)
2015/02/28 09:56:04 [error] [exception.CDbException] exception 'CDbException' with message 'CDbConnection failed to open the DB connection.' in C:\xampp\htdocs\simplelearn\simplihackmaverick\framework\db\CDbConnection.php:405
Stack trace:
#0 C:\xampp\htdocs\simplelearn\simplihackmaverick\framework\db\CDbConnection.php(347): CDbConnection->open()
#1 C:\xampp\htdocs\simplelearn\simplihackmaverick\framework\db\CDbConnection.php(325): CDbConnection->setActive(true)
#2 C:\xampp\htdocs\simplelearn\simplihackmaverick\framework\base\CModule.php(394): CDbConnection->init()
#3 C:\xampp\htdocs\simplelearn\simplihackmaverick\framework\base\CApplication.php(458): CModule->getComponent('db')
#4 C:\xampp\htdocs\simplelearn\simplihackmaverick\framework\db\ar\CActiveRecord.php(637): CApplication->getDb()
#5 C:\xampp\htdocs\simplelearn\simplihackmaverick\framework\db\ar\CActiveRecord.php(670): CActiveRecord->getDbConnection()
#6 C:\xampp\htdocs\simplelearn\simplihackmaverick\framework\db\ar\CActiveRecord.php(1601): CActiveRecord->getCommandBuilder()
#7 C:\xampp\htdocs\simplelearn\simplihackmaverick\framework\web\CActiveDataProvider.php(228): CActiveRecord->count(Object(CDbCriteria))
#8 C:\xampp\htdocs\simplelearn\simplihackmaverick\framework\web\CDataProvider.php(224): CActiveDataProvider->calculateTotalItemCount()
#9 C:\xampp\htdocs\simplelearn\simplihackmaverick\framework\web\CActiveDataProvider.php(178): CDataProvider->getTotalItemCount()
#10 C:\xampp\htdocs\simplelearn\simplihackmaverick\framework\web\CDataProvider.php(168): CActiveDataProvider->fetchData()
#11 C:\xampp\htdocs\simplelearn\simplihackmaverick\framework\zii\widgets\CBaseListView.php(125): CDataProvider->getData()
#12 C:\xampp\htdocs\simplelearn\simplihackmaverick\framework\zii\widgets\CListView.php(211): CBaseListView->init()
#13 C:\xampp\htdocs\simplelearn\simplihackmaverick\framework\web\CBaseController.php(147): CListView->init()
#14 C:\xampp\htdocs\simplelearn\simplihackmaverick\framework\web\CBaseController.php(180): CBaseController->createWidget('zii.widgets.CLi...', Array)
#15 C:\xampp\htdocs\simplelearn\simplihackmaverick\blog\protected\views\post\index.php(9): CBaseController->widget('zii.widgets.CLi...', Array)
#16 C:\xampp\htdocs\simplelearn\simplihackmaverick\framework\web\CBaseController.php(126): require('C:\xampp\htdocs...')
#17 C:\xampp\htdocs\simplelearn\simplihackmaverick\framework\web\CBaseController.php(95): CBaseController->renderInternal('C:\xampp\htdocs...', Array, true)
#18 C:\xampp\htdocs\simplelearn\simplihackmaverick\framework\web\CController.php(869): CBaseController->renderFile('C:\xampp\htdocs...', Array, true)
#19 C:\xampp\htdocs\simplelearn\simplihackmaverick\framework\web\CController.php(782): CController->renderPartial('index', Array, true)
#20 C:\xampp\htdocs\simplelearn\simplihackmaverick\blog\protected\controllers\PostController.php(136): CController->render('index', Array)
#21 C:\xampp\htdocs\simplelearn\simplihackmaverick\framework\web\actions\CInlineAction.php(49): PostController->actionIndex()
#22 C:\xampp\htdocs\simplelearn\simplihackmaverick\framework\web\CController.php(308): CInlineAction->runWithParams(Array)
#23 C:\xampp\htdocs\simplelearn\simplihackmaverick\framework\web\filters\CFilterChain.php(133): CController->runAction(Object(CInlineAction))
#24 C:\xampp\htdocs\simplelearn\simplihackmaverick\framework\web\filters\CFilter.php(40): CFilterChain->run()
#25 C:\xampp\htdocs\simplelearn\simplihackmaverick\framework\web\CController.php(1145): CFilter->filter(Object(CFilterChain))
#26 C:\xampp\htdocs\simplelearn\simplihackmaverick\framework\web\filters\CInlineFilter.php(58): CController->filterAccessControl(Object(CFilterChain))
#27 C:\xampp\htdocs\simplelearn\simplihackmaverick\framework\web\filters\CFilterChain.php(130): CInlineFilter->filter(Object(CFilterChain))
#28 C:\xampp\htdocs\simplelearn\simplihackmaverick\framework\web\CController.php(291): CFilterChain->run()
#29 C:\xampp\htdocs\simplelearn\simplihackmaverick\framework\web\CController.php(265): CController->runActionWithFilters(Object(CInlineAction), Array)
#30 C:\xampp\htdocs\simplelearn\simplihackmaverick\framework\web\CWebApplication.php(282): CController->run('index')
#31 C:\xampp\htdocs\simplelearn\simplihackmaverick\framework\web\CWebApplication.php(141): CWebApplication->runController('post/index')
#32 C:\xampp\htdocs\simplelearn\simplihackmaverick\framework\base\CApplication.php(184): CWebApplication->processRequest()
#33 C:\xampp\htdocs\simplelearn\simplihackmaverick\blog\index.php(12): CApplication->run()
#34 {main}
REQUEST_URI=/simplelearn/simplihackmaverick/blog/index.php/post/index
HTTP_REFERER=http://localhost:81/simplelearn/simplihackmaverick/blog/
---
2015/02/28 09:56:08 [error] [system.db.CDbCommand] CDbCommand::fetchAll() failed: SQLSTATE[42S02]: Base table or view not found: 1146 Table 'simplelearn.tbl_post' doesn't exist. The SQL statement executed was: SHOW FULL COLUMNS FROM `tbl_post`.
2015/02/28 09:56:08 [error] [exception.CDbException] exception 'CDbException' with message 'The table "{{post}}" for active record class "Post" cannot be found in the database.' in C:\xampp\htdocs\simplelearn\simplihackmaverick\framework\db\ar\CActiveRecord.php:2385
Stack trace:
#0 C:\xampp\htdocs\simplelearn\simplihackmaverick\framework\db\ar\CActiveRecord.php(411): CActiveRecordMetaData->__construct(Object(Post))
#1 C:\xampp\htdocs\simplelearn\simplihackmaverick\framework\db\ar\CActiveRecord.php(661): CActiveRecord->getMetaData()
#2 C:\xampp\htdocs\simplelearn\simplihackmaverick\framework\db\ar\CActiveFinder.php(392): CActiveRecord->getTableSchema()
#3 C:\xampp\htdocs\simplelearn\simplihackmaverick\framework\db\ar\CActiveFinder.php(47): CJoinElement->__construct(Object(CActiveFinder), Object(Post))
#4 C:\xampp\htdocs\simplelearn\simplihackmaverick\framework\db\ar\CActiveRecord.php(912): CActiveFinder->__construct(Object(Post), 'commentCount')
#5 C:\xampp\htdocs\simplelearn\simplihackmaverick\framework\db\ar\CActiveRecord.php(1609): CActiveRecord->getActiveFinder('commentCount')
#6 C:\xampp\htdocs\simplelearn\simplihackmaverick\framework\web\CActiveDataProvider.php(228): CActiveRecord->count(Object(CDbCriteria))
#7 C:\xampp\htdocs\simplelearn\simplihackmaverick\framework\web\CDataProvider.php(224): CActiveDataProvider->calculateTotalItemCount()
#8 C:\xampp\htdocs\simplelearn\simplihackmaverick\framework\web\CActiveDataProvider.php(178): CDataProvider->getTotalItemCount()
#9 C:\xampp\htdocs\simplelearn\simplihackmaverick\framework\web\CDataProvider.php(168): CActiveDataProvider->fetchData()
#10 C:\xampp\htdocs\simplelearn\simplihackmaverick\framework\zii\widgets\CBaseListView.php(125): CDataProvider->getData()
#11 C:\xampp\htdocs\simplelearn\simplihackmaverick\framework\zii\widgets\CListView.php(211): CBaseListView->init()
#12 C:\xampp\htdocs\simplelearn\simplihackmaverick\framework\web\CBaseController.php(147): CListView->init()
#13 C:\xampp\htdocs\simplelearn\simplihackmaverick\framework\web\CBaseController.php(180): CBaseController->createWidget('zii.widgets.CLi...', Array)
#14 C:\xampp\htdocs\simplelearn\simplihackmaverick\blog\protected\views\post\index.php(9): CBaseController->widget('zii.widgets.CLi...', Array)
#15 C:\xampp\htdocs\simplelearn\simplihackmaverick\framework\web\CBaseController.php(126): require('C:\xampp\htdocs...')
#16 C:\xampp\htdocs\simplelearn\simplihackmaverick\framework\web\CBaseController.php(95): CBaseController->renderInternal('C:\xampp\htdocs...', Array, true)
#17 C:\xampp\htdocs\simplelearn\simplihackmaverick\framework\web\CController.php(869): CBaseController->renderFile('C:\xampp\htdocs...', Array, true)
#18 C:\xampp\htdocs\simplelearn\simplihackmaverick\framework\web\CController.php(782): CController->renderPartial('index', Array, true)
#19 C:\xampp\htdocs\simplelearn\simplihackmaverick\blog\protected\controllers\PostController.php(136): CController->render('index', Array)
#20 C:\xampp\htdocs\simplelearn\simplihackmaverick\framework\web\actions\CInlineAction.php(49): PostController->actionIndex()
#21 C:\xampp\htdocs\simplelearn\simplihackmaverick\framework\web\CController.php(308): CInlineAction->runWithParams(Array)
#22 C:\xampp\htdocs\simplelearn\simplihackmaverick\framework\web\filters\CFilterChain.php(133): CController->runAction(Object(CInlineAction))
#23 C:\xampp\htdocs\simplelearn\simplihackmaverick\framework\web\filters\CFilter.php(40): CFilterChain->run()
#24 C:\xampp\htdocs\simplelearn\simplihackmaverick\framework\web\CController.php(1145): CFilter->filter(Object(CFilterChain))
#25 C:\xampp\htdocs\simplelearn\simplihackmaverick\framework\web\filters\CInlineFilter.php(58): CController->filterAccessControl(Object(CFilterChain))
#26 C:\xampp\htdocs\simplelearn\simplihackmaverick\framework\web\filters\CFilterChain.php(130): CInlineFilter->filter(Object(CFilterChain))
#27 C:\xampp\htdocs\simplelearn\simplihackmaverick\framework\web\CController.php(291): CFilterChain->run()
#28 C:\xampp\htdocs\simplelearn\simplihackmaverick\framework\web\CController.php(265): CController->runActionWithFilters(Object(CInlineAction), Array)
#29 C:\xampp\htdocs\simplelearn\simplihackmaverick\framework\web\CWebApplication.php(282): CController->run('index')
#30 C:\xampp\htdocs\simplelearn\simplihackmaverick\framework\web\CWebApplication.php(141): CWebApplication->runController('post/index')
#31 C:\xampp\htdocs\simplelearn\simplihackmaverick\framework\base\CApplication.php(184): CWebApplication->processRequest()
#32 C:\xampp\htdocs\simplelearn\simplihackmaverick\blog\index.php(12): CApplication->run()
#33 {main}
REQUEST_URI=/simplelearn/simplihackmaverick/blog/index.php/post/index
HTTP_REFERER=http://localhost:81/simplelearn/simplihackmaverick/blog/
---
2015/02/28 09:56:18 [error] [system.db.CDbCommand] CDbCommand::fetchAll() failed: SQLSTATE[42S02]: Base table or view not found: 1146 Table 'simplelearn.tbl_post' doesn't exist. The SQL statement executed was: SHOW FULL COLUMNS FROM `tbl_post`.
2015/02/28 09:56:18 [error] [exception.CDbException] exception 'CDbException' with message 'The table "{{post}}" for active record class "Post" cannot be found in the database.' in C:\xampp\htdocs\simplelearn\simplihackmaverick\framework\db\ar\CActiveRecord.php:2385
Stack trace:
#0 C:\xampp\htdocs\simplelearn\simplihackmaverick\framework\db\ar\CActiveRecord.php(411): CActiveRecordMetaData->__construct(Object(Post))
#1 C:\xampp\htdocs\simplelearn\simplihackmaverick\framework\db\ar\CActiveRecord.php(661): CActiveRecord->getMetaData()
#2 C:\xampp\htdocs\simplelearn\simplihackmaverick\framework\db\ar\CActiveFinder.php(392): CActiveRecord->getTableSchema()
#3 C:\xampp\htdocs\simplelearn\simplihackmaverick\framework\db\ar\CActiveFinder.php(47): CJoinElement->__construct(Object(CActiveFinder), Object(Post))
#4 C:\xampp\htdocs\simplelearn\simplihackmaverick\framework\db\ar\CActiveRecord.php(912): CActiveFinder->__construct(Object(Post), 'commentCount')
#5 C:\xampp\htdocs\simplelearn\simplihackmaverick\framework\db\ar\CActiveRecord.php(1609): CActiveRecord->getActiveFinder('commentCount')
#6 C:\xampp\htdocs\simplelearn\simplihackmaverick\framework\web\CActiveDataProvider.php(228): CActiveRecord->count(Object(CDbCriteria))
#7 C:\xampp\htdocs\simplelearn\simplihackmaverick\framework\web\CDataProvider.php(224): CActiveDataProvider->calculateTotalItemCount()
#8 C:\xampp\htdocs\simplelearn\simplihackmaverick\framework\web\CActiveDataProvider.php(178): CDataProvider->getTotalItemCount()
#9 C:\xampp\htdocs\simplelearn\simplihackmaverick\framework\web\CDataProvider.php(168): CActiveDataProvider->fetchData()
#10 C:\xampp\htdocs\simplelearn\simplihackmaverick\framework\zii\widgets\CBaseListView.php(125): CDataProvider->getData()
#11 C:\xampp\htdocs\simplelearn\simplihackmaverick\framework\zii\widgets\CListView.php(211): CBaseListView->init()
#12 C:\xampp\htdocs\simplelearn\simplihackmaverick\framework\web\CBaseController.php(147): CListView->init()
#13 C:\xampp\htdocs\simplelearn\simplihackmaverick\framework\web\CBaseController.php(180): CBaseController->createWidget('zii.widgets.CLi...', Array)
#14 C:\xampp\htdocs\simplelearn\simplihackmaverick\blog\protected\views\post\index.php(9): CBaseController->widget('zii.widgets.CLi...', Array)
#15 C:\xampp\htdocs\simplelearn\simplihackmaverick\framework\web\CBaseController.php(126): require('C:\xampp\htdocs...')
#16 C:\xampp\htdocs\simplelearn\simplihackmaverick\framework\web\CBaseController.php(95): CBaseController->renderInternal('C:\xampp\htdocs...', Array, true)
#17 C:\xampp\htdocs\simplelearn\simplihackmaverick\framework\web\CController.php(869): CBaseController->renderFile('C:\xampp\htdocs...', Array, true)
#18 C:\xampp\htdocs\simplelearn\simplihackmaverick\framework\web\CController.php(782): CController->renderPartial('index', Array, true)
#19 C:\xampp\htdocs\simplelearn\simplihackmaverick\blog\protected\controllers\PostController.php(136): CController->render('index', Array)
#20 C:\xampp\htdocs\simplelearn\simplihackmaverick\framework\web\actions\CInlineAction.php(49): PostController->actionIndex()
#21 C:\xampp\htdocs\simplelearn\simplihackmaverick\framework\web\CController.php(308): CInlineAction->runWithParams(Array)
#22 C:\xampp\htdocs\simplelearn\simplihackmaverick\framework\web\filters\CFilterChain.php(133): CController->runAction(Object(CInlineAction))
#23 C:\xampp\htdocs\simplelearn\simplihackmaverick\framework\web\filters\CFilter.php(40): CFilterChain->run()
#24 C:\xampp\htdocs\simplelearn\simplihackmaverick\framework\web\CController.php(1145): CFilter->filter(Object(CFilterChain))
#25 C:\xampp\htdocs\simplelearn\simplihackmaverick\framework\web\filters\CInlineFilter.php(58): CController->filterAccessControl(Object(CFilterChain))
#26 C:\xampp\htdocs\simplelearn\simplihackmaverick\framework\web\filters\CFilterChain.php(130): CInlineFilter->filter(Object(CFilterChain))
#27 C:\xampp\htdocs\simplelearn\simplihackmaverick\framework\web\CController.php(291): CFilterChain->run()
#28 C:\xampp\htdocs\simplelearn\simplihackmaverick\framework\web\CController.php(265): CController->runActionWithFilters(Object(CInlineAction), Array)
#29 C:\xampp\htdocs\simplelearn\simplihackmaverick\framework\web\CWebApplication.php(282): CController->run('')
#30 C:\xampp\htdocs\simplelearn\simplihackmaverick\framework\web\CWebApplication.php(141): CWebApplication->runController('')
#31 C:\xampp\htdocs\simplelearn\simplihackmaverick\framework\base\CApplication.php(184): CWebApplication->processRequest()
#32 C:\xampp\htdocs\simplelearn\simplihackmaverick\blog\index.php(12): CApplication->run()
#33 {main}
REQUEST_URI=/simplelearn/simplihackmaverick/blog/
---
2015/02/28 09:56:40 [error] [system.db.CDbCommand] CDbCommand::fetchAll() failed: SQLSTATE[42S02]: Base table or view not found: 1146 Table 'simplelearn.tbl_post' doesn't exist. The SQL statement executed was: SHOW FULL COLUMNS FROM `tbl_post`.
2015/02/28 09:56:40 [error] [exception.CDbException] exception 'CDbException' with message 'The table "{{post}}" for active record class "Post" cannot be found in the database.' in C:\xampp\htdocs\simplelearn\simplihackmaverick\framework\db\ar\CActiveRecord.php:2385
Stack trace:
#0 C:\xampp\htdocs\simplelearn\simplihackmaverick\framework\db\ar\CActiveRecord.php(411): CActiveRecordMetaData->__construct(Object(Post))
#1 C:\xampp\htdocs\simplelearn\simplihackmaverick\framework\db\ar\CActiveRecord.php(661): CActiveRecord->getMetaData()
#2 C:\xampp\htdocs\simplelearn\simplihackmaverick\framework\db\ar\CActiveFinder.php(392): CActiveRecord->getTableSchema()
#3 C:\xampp\htdocs\simplelearn\simplihackmaverick\framework\db\ar\CActiveFinder.php(47): CJoinElement->__construct(Object(CActiveFinder), Object(Post))
#4 C:\xampp\htdocs\simplelearn\simplihackmaverick\framework\db\ar\CActiveRecord.php(912): CActiveFinder->__construct(Object(Post), 'commentCount')
#5 C:\xampp\htdocs\simplelearn\simplihackmaverick\framework\db\ar\CActiveRecord.php(1609): CActiveRecord->getActiveFinder('commentCount')
#6 C:\xampp\htdocs\simplelearn\simplihackmaverick\framework\web\CActiveDataProvider.php(228): CActiveRecord->count(Object(CDbCriteria))
#7 C:\xampp\htdocs\simplelearn\simplihackmaverick\framework\web\CDataProvider.php(224): CActiveDataProvider->calculateTotalItemCount()
#8 C:\xampp\htdocs\simplelearn\simplihackmaverick\framework\web\CActiveDataProvider.php(178): CDataProvider->getTotalItemCount()
#9 C:\xampp\htdocs\simplelearn\simplihackmaverick\framework\web\CDataProvider.php(168): CActiveDataProvider->fetchData()
#10 C:\xampp\htdocs\simplelearn\simplihackmaverick\framework\zii\widgets\CBaseListView.php(125): CDataProvider->getData()
#11 C:\xampp\htdocs\simplelearn\simplihackmaverick\framework\zii\widgets\CListView.php(211): CBaseListView->init()
#12 C:\xampp\htdocs\simplelearn\simplihackmaverick\framework\web\CBaseController.php(147): CListView->init()
#13 C:\xampp\htdocs\simplelearn\simplihackmaverick\framework\web\CBaseController.php(180): CBaseController->createWidget('zii.widgets.CLi...', Array)
#14 C:\xampp\htdocs\simplelearn\simplihackmaverick\blog\protected\views\post\index.php(9): CBaseController->widget('zii.widgets.CLi...', Array)
#15 C:\xampp\htdocs\simplelearn\simplihackmaverick\framework\web\CBaseController.php(126): require('C:\xampp\htdocs...')
#16 C:\xampp\htdocs\simplelearn\simplihackmaverick\framework\web\CBaseController.php(95): CBaseController->renderInternal('C:\xampp\htdocs...', Array, true)
#17 C:\xampp\htdocs\simplelearn\simplihackmaverick\framework\web\CController.php(869): CBaseController->renderFile('C:\xampp\htdocs...', Array, true)
#18 C:\xampp\htdocs\simplelearn\simplihackmaverick\framework\web\CController.php(782): CController->renderPartial('index', Array, true)
#19 C:\xampp\htdocs\simplelearn\simplihackmaverick\blog\protected\controllers\PostController.php(136): CController->render('index', Array)
#20 C:\xampp\htdocs\simplelearn\simplihackmaverick\framework\web\actions\CInlineAction.php(49): PostController->actionIndex()
#21 C:\xampp\htdocs\simplelearn\simplihackmaverick\framework\web\CController.php(308): CInlineAction->runWithParams(Array)
#22 C:\xampp\htdocs\simplelearn\simplihackmaverick\framework\web\filters\CFilterChain.php(133): CController->runAction(Object(CInlineAction))
#23 C:\xampp\htdocs\simplelearn\simplihackmaverick\framework\web\filters\CFilter.php(40): CFilterChain->run()
#24 C:\xampp\htdocs\simplelearn\simplihackmaverick\framework\web\CController.php(1145): CFilter->filter(Object(CFilterChain))
#25 C:\xampp\htdocs\simplelearn\simplihackmaverick\framework\web\filters\CInlineFilter.php(58): CController->filterAccessControl(Object(CFilterChain))
#26 C:\xampp\htdocs\simplelearn\simplihackmaverick\framework\web\filters\CFilterChain.php(130): CInlineFilter->filter(Object(CFilterChain))
#27 C:\xampp\htdocs\simplelearn\simplihackmaverick\framework\web\CController.php(291): CFilterChain->run()
#28 C:\xampp\htdocs\simplelearn\simplihackmaverick\framework\web\CController.php(265): CController->runActionWithFilters(Object(CInlineAction), Array)
#29 C:\xampp\htdocs\simplelearn\simplihackmaverick\framework\web\CWebApplication.php(282): CController->run('')
#30 C:\xampp\htdocs\simplelearn\simplihackmaverick\framework\web\CWebApplication.php(141): CWebApplication->runController('')
#31 C:\xampp\htdocs\simplelearn\simplihackmaverick\framework\base\CApplication.php(184): CWebApplication->processRequest()
#32 C:\xampp\htdocs\simplelearn\simplihackmaverick\blog\index.php(12): CApplication->run()
#33 {main}
REQUEST_URI=/simplelearn/simplihackmaverick/blog/
---
2015/02/28 09:56:42 [error] [system.db.CDbCommand] CDbCommand::fetchAll() failed: SQLSTATE[42S02]: Base table or view not found: 1146 Table 'simplelearn.tbl_post' doesn't exist. The SQL statement executed was: SHOW FULL COLUMNS FROM `tbl_post`.
2015/02/28 09:56:42 [error] [exception.CDbException] exception 'CDbException' with message 'The table "{{post}}" for active record class "Post" cannot be found in the database.' in C:\xampp\htdocs\simplelearn\simplihackmaverick\framework\db\ar\CActiveRecord.php:2385
Stack trace:
#0 C:\xampp\htdocs\simplelearn\simplihackmaverick\framework\db\ar\CActiveRecord.php(411): CActiveRecordMetaData->__construct(Object(Post))
#1 C:\xampp\htdocs\simplelearn\simplihackmaverick\framework\db\ar\CActiveRecord.php(661): CActiveRecord->getMetaData()
#2 C:\xampp\htdocs\simplelearn\simplihackmaverick\framework\db\ar\CActiveFinder.php(392): CActiveRecord->getTableSchema()
#3 C:\xampp\htdocs\simplelearn\simplihackmaverick\framework\db\ar\CActiveFinder.php(47): CJoinElement->__construct(Object(CActiveFinder), Object(Post))
#4 C:\xampp\htdocs\simplelearn\simplihackmaverick\framework\db\ar\CActiveRecord.php(912): CActiveFinder->__construct(Object(Post), 'commentCount')
#5 C:\xampp\htdocs\simplelearn\simplihackmaverick\framework\db\ar\CActiveRecord.php(1609): CActiveRecord->getActiveFinder('commentCount')
#6 C:\xampp\htdocs\simplelearn\simplihackmaverick\framework\web\CActiveDataProvider.php(228): CActiveRecord->count(Object(CDbCriteria))
#7 C:\xampp\htdocs\simplelearn\simplihackmaverick\framework\web\CDataProvider.php(224): CActiveDataProvider->calculateTotalItemCount()
#8 C:\xampp\htdocs\simplelearn\simplihackmaverick\framework\web\CActiveDataProvider.php(178): CDataProvider->getTotalItemCount()
#9 C:\xampp\htdocs\simplelearn\simplihackmaverick\framework\web\CDataProvider.php(168): CActiveDataProvider->fetchData()
#10 C:\xampp\htdocs\simplelearn\simplihackmaverick\framework\zii\widgets\CBaseListView.php(125): CDataProvider->getData()
#11 C:\xampp\htdocs\simplelearn\simplihackmaverick\framework\zii\widgets\CListView.php(211): CBaseListView->init()
#12 C:\xampp\htdocs\simplelearn\simplihackmaverick\framework\web\CBaseController.php(147): CListView->init()
#13 C:\xampp\htdocs\simplelearn\simplihackmaverick\framework\web\CBaseController.php(180): CBaseController->createWidget('zii.widgets.CLi...', Array)
#14 C:\xampp\htdocs\simplelearn\simplihackmaverick\blog\protected\views\post\index.php(9): CBaseController->widget('zii.widgets.CLi...', Array)
#15 C:\xampp\htdocs\simplelearn\simplihackmaverick\framework\web\CBaseController.php(126): require('C:\xampp\htdocs...')
#16 C:\xampp\htdocs\simplelearn\simplihackmaverick\framework\web\CBaseController.php(95): CBaseController->renderInternal('C:\xampp\htdocs...', Array, true)
#17 C:\xampp\htdocs\simplelearn\simplihackmaverick\framework\web\CController.php(869): CBaseController->renderFile('C:\xampp\htdocs...', Array, true)
#18 C:\xampp\htdocs\simplelearn\simplihackmaverick\framework\web\CController.php(782): CController->renderPartial('index', Array, true)
#19 C:\xampp\htdocs\simplelearn\simplihackmaverick\blog\protected\controllers\PostController.php(136): CController->render('index', Array)
#20 C:\xampp\htdocs\simplelearn\simplihackmaverick\framework\web\actions\CInlineAction.php(49): PostController->actionIndex()
#21 C:\xampp\htdocs\simplelearn\simplihackmaverick\framework\web\CController.php(308): CInlineAction->runWithParams(Array)
#22 C:\xampp\htdocs\simplelearn\simplihackmaverick\framework\web\filters\CFilterChain.php(133): CController->runAction(Object(CInlineAction))
#23 C:\xampp\htdocs\simplelearn\simplihackmaverick\framework\web\filters\CFilter.php(40): CFilterChain->run()
#24 C:\xampp\htdocs\simplelearn\simplihackmaverick\framework\web\CController.php(1145): CFilter->filter(Object(CFilterChain))
#25 C:\xampp\htdocs\simplelearn\simplihackmaverick\framework\web\filters\CInlineFilter.php(58): CController->filterAccessControl(Object(CFilterChain))
#26 C:\xampp\htdocs\simplelearn\simplihackmaverick\framework\web\filters\CFilterChain.php(130): CInlineFilter->filter(Object(CFilterChain))
#27 C:\xampp\htdocs\simplelearn\simplihackmaverick\framework\web\CController.php(291): CFilterChain->run()
#28 C:\xampp\htdocs\simplelearn\simplihackmaverick\framework\web\CController.php(265): CController->runActionWithFilters(Object(CInlineAction), Array)
#29 C:\xampp\htdocs\simplelearn\simplihackmaverick\framework\web\CWebApplication.php(282): CController->run('index')
#30 C:\xampp\htdocs\simplelearn\simplihackmaverick\framework\web\CWebApplication.php(141): CWebApplication->runController('post/index')
#31 C:\xampp\htdocs\simplelearn\simplihackmaverick\framework\base\CApplication.php(184): CWebApplication->processRequest()
#32 C:\xampp\htdocs\simplelearn\simplihackmaverick\blog\index.php(12): CApplication->run()
#33 {main}
REQUEST_URI=/simplelearn/simplihackmaverick/blog/index.php/post/index
HTTP_REFERER=http://localhost:81/simplelearn/simplihackmaverick/blog/
---
