2015/02/28 21:26:20 [error] [exception.CHttpException.404] exception 'CHttpException' with message 'Unable to resolve the request "index".' in C:\xampp\htdocs\simplihackmaverick\framework\web\CWebApplication.php:286
Stack trace:
#0 C:\xampp\htdocs\simplihackmaverick\framework\web\CWebApplication.php(141): CWebApplication->runController('index')
#1 C:\xampp\htdocs\simplihackmaverick\framework\base\CApplication.php(184): CWebApplication->processRequest()
#2 C:\xampp\htdocs\simplihackmaverick\learn\index.php(13): CApplication->run()
#3 {main}
REQUEST_URI=/simplihackmaverick/learn/index.php?r=index
---
2015/02/28 21:26:25 [error] [exception.CHttpException.404] exception 'CHttpException' with message 'Unable to resolve the request "admin".' in C:\xampp\htdocs\simplihackmaverick\framework\web\CWebApplication.php:286
Stack trace:
#0 C:\xampp\htdocs\simplihackmaverick\framework\web\CWebApplication.php(141): CWebApplication->runController('admin')
#1 C:\xampp\htdocs\simplihackmaverick\framework\base\CApplication.php(184): CWebApplication->processRequest()
#2 C:\xampp\htdocs\simplihackmaverick\learn\index.php(13): CApplication->run()
#3 {main}
REQUEST_URI=/simplihackmaverick/learn/index.php?r=admin
---
2015/02/28 21:30:06 [error] [exception.CHttpException.404] exception 'CHttpException' with message 'The system is unable to find the requested action "list".' in C:\xampp\htdocs\simplihackmaverick\framework\web\CController.php:483
Stack trace:
#0 C:\xampp\htdocs\simplihackmaverick\framework\web\CController.php(270): CController->missingAction('list')
#1 C:\xampp\htdocs\simplihackmaverick\framework\web\CWebApplication.php(282): CController->run('list')
#2 C:\xampp\htdocs\simplihackmaverick\framework\web\CWebApplication.php(141): CWebApplication->runController('user/list')
#3 C:\xampp\htdocs\simplihackmaverick\framework\base\CApplication.php(184): CWebApplication->processRequest()
#4 C:\xampp\htdocs\simplihackmaverick\learn\index.php(13): CApplication->run()
#5 {main}
REQUEST_URI=/simplihackmaverick/learn/index.php?r=user/list
---
2015/02/28 21:53:13 [error] [exception.CHttpException.404] exception 'CHttpException' with message 'Unable to resolve the request "post/index".' in C:\xampp\htdocs\simplihackmaverick\framework\web\CWebApplication.php:286
Stack trace:
#0 C:\xampp\htdocs\simplihackmaverick\framework\web\CWebApplication.php(141): CWebApplication->runController('post/index')
#1 C:\xampp\htdocs\simplihackmaverick\framework\base\CApplication.php(184): CWebApplication->processRequest()
#2 C:\xampp\htdocs\simplihackmaverick\learn\index.php(13): CApplication->run()
#3 {main}
REQUEST_URI=/simplihackmaverick/learn/index.php?r=post/index
HTTP_REFERER=http://localhost:81/simplihackmaverick/learn/index.php?r=user/index
---
2015/02/28 21:54:01 [error] [exception.CHttpException.404] exception 'CHttpException' with message 'The system is unable to find the requested action "myaccount".' in C:\xampp\htdocs\simplihackmaverick\framework\web\CController.php:483
Stack trace:
#0 C:\xampp\htdocs\simplihackmaverick\framework\web\CController.php(270): CController->missingAction('myaccount')
#1 C:\xampp\htdocs\simplihackmaverick\framework\web\CWebApplication.php(282): CController->run('myaccount')
#2 C:\xampp\htdocs\simplihackmaverick\framework\web\CWebApplication.php(141): CWebApplication->runController('learn/myaccount')
#3 C:\xampp\htdocs\simplihackmaverick\framework\base\CApplication.php(184): CWebApplication->processRequest()
#4 C:\xampp\htdocs\simplihackmaverick\learn\index.php(13): CApplication->run()
#5 {main}
REQUEST_URI=/simplihackmaverick/learn/index.php?r=learn/myaccount
---
2015/02/28 21:54:48 [error] [exception.CHttpException.404] exception 'CHttpException' with message 'Unable to resolve the request "myaccount".' in C:\xampp\htdocs\simplihackmaverick\framework\web\CWebApplication.php:286
Stack trace:
#0 C:\xampp\htdocs\simplihackmaverick\framework\web\CWebApplication.php(141): CWebApplication->runController('myaccount')
#1 C:\xampp\htdocs\simplihackmaverick\framework\base\CApplication.php(184): CWebApplication->processRequest()
#2 C:\xampp\htdocs\simplihackmaverick\learn\index.php(13): CApplication->run()
#3 {main}
REQUEST_URI=/simplihackmaverick/learn/index.php?r=myaccount
---
2015/02/28 21:54:54 [error] [exception.CHttpException.404] exception 'CHttpException' with message 'The system is unable to find the requested action "myaccount".' in C:\xampp\htdocs\simplihackmaverick\framework\web\CController.php:483
Stack trace:
#0 C:\xampp\htdocs\simplihackmaverick\framework\web\CController.php(270): CController->missingAction('myaccount')
#1 C:\xampp\htdocs\simplihackmaverick\framework\web\CWebApplication.php(282): CController->run('myaccount')
#2 C:\xampp\htdocs\simplihackmaverick\framework\web\CWebApplication.php(141): CWebApplication->runController('learn/myaccount')
#3 C:\xampp\htdocs\simplihackmaverick\framework\base\CApplication.php(184): CWebApplication->processRequest()
#4 C:\xampp\htdocs\simplihackmaverick\learn\index.php(13): CApplication->run()
#5 {main}
REQUEST_URI=/simplihackmaverick/learn/index.php?r=learn/myaccount
---
2015/02/28 22:13:30 [error] [php] Undefined variable: model (C:\xampp\htdocs\simplihackmaverick\learn\protected\views\learn\index.php:116)
Stack trace:
#0 C:\xampp\htdocs\simplihackmaverick\framework\web\CController.php(869): LearnController->renderFile()
#1 C:\xampp\htdocs\simplihackmaverick\framework\web\CController.php(782): LearnController->renderPartial()
#2 C:\xampp\htdocs\simplihackmaverick\learn\protected\controllers\LearnController.php(252): LearnController->render()
#3 C:\xampp\htdocs\simplihackmaverick\framework\web\actions\CInlineAction.php(49): LearnController->actionIndex()
#4 C:\xampp\htdocs\simplihackmaverick\framework\web\CController.php(308): CInlineAction->runWithParams()
#5 C:\xampp\htdocs\simplihackmaverick\framework\web\CController.php(286): LearnController->runAction()
#6 C:\xampp\htdocs\simplihackmaverick\framework\web\CController.php(265): LearnController->runActionWithFilters()
#7 C:\xampp\htdocs\simplihackmaverick\framework\web\CWebApplication.php(282): LearnController->run()
#8 C:\xampp\htdocs\simplihackmaverick\framework\web\CWebApplication.php(141): CWebApplication->runController()
#9 C:\xampp\htdocs\simplihackmaverick\framework\base\CApplication.php(184): CWebApplication->processRequest()
#10 C:\xampp\htdocs\simplihackmaverick\learn\index.php(13): CWebApplication->run()
REQUEST_URI=/simplihackmaverick/learn/index.php?r=learn
in C:\xampp\htdocs\simplihackmaverick\learn\protected\views\learn\index.php (116)
in C:\xampp\htdocs\simplihackmaverick\learn\protected\controllers\LearnController.php (252)
in C:\xampp\htdocs\simplihackmaverick\learn\index.php (13)
2015/02/28 22:20:40 [error] [php] Undefined index: Learn (C:\xampp\htdocs\simplihackmaverick\learn\protected\controllers\LearnController.php:252)
Stack trace:
#0 C:\xampp\htdocs\simplihackmaverick\framework\web\CController.php(286): LearnController->runAction()
#1 C:\xampp\htdocs\simplihackmaverick\framework\web\CController.php(265): LearnController->runActionWithFilters()
#2 C:\xampp\htdocs\simplihackmaverick\framework\web\CWebApplication.php(282): LearnController->run()
#3 C:\xampp\htdocs\simplihackmaverick\framework\web\CWebApplication.php(141): CWebApplication->runController()
#4 C:\xampp\htdocs\simplihackmaverick\framework\base\CApplication.php(184): CWebApplication->processRequest()
#5 C:\xampp\htdocs\simplihackmaverick\learn\index.php(13): CWebApplication->run()
REQUEST_URI=/simplihackmaverick/learn/index.php?r=learn
in C:\xampp\htdocs\simplihackmaverick\learn\protected\controllers\LearnController.php (252)
in C:\xampp\htdocs\simplihackmaverick\learn\index.php (13)
2015/02/28 22:20:45 [error] [php] Undefined index: Learn (C:\xampp\htdocs\simplihackmaverick\learn\protected\controllers\LearnController.php:252)
Stack trace:
#0 C:\xampp\htdocs\simplihackmaverick\framework\web\CController.php(286): LearnController->runAction()
#1 C:\xampp\htdocs\simplihackmaverick\framework\web\CController.php(265): LearnController->runActionWithFilters()
#2 C:\xampp\htdocs\simplihackmaverick\framework\web\CWebApplication.php(282): LearnController->run()
#3 C:\xampp\htdocs\simplihackmaverick\framework\web\CWebApplication.php(141): CWebApplication->runController()
#4 C:\xampp\htdocs\simplihackmaverick\framework\base\CApplication.php(184): CWebApplication->processRequest()
#5 C:\xampp\htdocs\simplihackmaverick\learn\index.php(13): CWebApplication->run()
REQUEST_URI=/simplihackmaverick/learn/index.php?r=learn
in C:\xampp\htdocs\simplihackmaverick\learn\protected\controllers\LearnController.php (252)
in C:\xampp\htdocs\simplihackmaverick\learn\index.php (13)
2015/02/28 22:24:13 [error] [php] Undefined index: submit (C:\xampp\htdocs\simplihackmaverick\learn\protected\controllers\LearnController.php:251)
Stack trace:
#0 C:\xampp\htdocs\simplihackmaverick\framework\web\CController.php(286): LearnController->runAction()
#1 C:\xampp\htdocs\simplihackmaverick\framework\web\CController.php(265): LearnController->runActionWithFilters()
#2 C:\xampp\htdocs\simplihackmaverick\framework\web\CWebApplication.php(282): LearnController->run()
#3 C:\xampp\htdocs\simplihackmaverick\framework\web\CWebApplication.php(141): CWebApplication->runController()
#4 C:\xampp\htdocs\simplihackmaverick\framework\base\CApplication.php(184): CWebApplication->processRequest()
#5 C:\xampp\htdocs\simplihackmaverick\learn\index.php(13): CWebApplication->run()
REQUEST_URI=/simplihackmaverick/learn/index.php?r=learn
in C:\xampp\htdocs\simplihackmaverick\learn\protected\controllers\LearnController.php (251)
in C:\xampp\htdocs\simplihackmaverick\learn\index.php (13)
2015/02/28 22:24:24 [error] [php] Array to string conversion (C:\xampp\htdocs\simplihackmaverick\learn\protected\controllers\LearnController.php:251)
Stack trace:
#0 C:\xampp\htdocs\simplihackmaverick\framework\web\CController.php(286): LearnController->runAction()
#1 C:\xampp\htdocs\simplihackmaverick\framework\web\CController.php(265): LearnController->runActionWithFilters()
#2 C:\xampp\htdocs\simplihackmaverick\framework\web\CWebApplication.php(282): LearnController->run()
#3 C:\xampp\htdocs\simplihackmaverick\framework\web\CWebApplication.php(141): CWebApplication->runController()
#4 C:\xampp\htdocs\simplihackmaverick\framework\base\CApplication.php(184): CWebApplication->processRequest()
#5 C:\xampp\htdocs\simplihackmaverick\learn\index.php(13): CWebApplication->run()
REQUEST_URI=/simplihackmaverick/learn/index.php?r=learn
in C:\xampp\htdocs\simplihackmaverick\learn\protected\controllers\LearnController.php (251)
in C:\xampp\htdocs\simplihackmaverick\learn\index.php (13)
